[2025-09-01 16:30:40 +0000] [1] [INFO] Starting gunicorn 20.1.0
[2025-09-01 16:30:40 +0000] [1] [INFO] Listening at: http://0.0.0.0:8000 (1)
[2025-09-01 16:30:40 +0000] [1] [INFO] Using worker: sync
[2025-09-01 16:30:40 +0000] [1] [INFO] OneSoko server is ready. Spawning workers
[2025-09-01 16:30:40 +0000] [1] [INFO] Worker spawned (pid: [booting])
[2025-09-01 16:30:40 +0000] [7] [INFO] Booting worker with pid: 7
[2025-09-01 16:30:40 +0000] [7] [INFO] Worker spawned (pid: 7)
[2025-09-01 16:30:40 +0000] [7] [INFO] Worker initialized (pid: 7)
[2025-09-01 16:30:40 +0000] [1] [INFO] Worker spawned (pid: [booting])
[2025-09-01 16:30:40 +0000] [8] [INFO] Booting worker with pid: 8
[2025-09-01 16:30:40 +0000] [8] [INFO] Worker spawned (pid: 8)
[2025-09-01 16:30:40 +0000] [8] [INFO] Worker initialized (pid: 8)
[2025-09-01 16:30:40 +0000] [1] [INFO] Worker spawned (pid: [booting])
[2025-09-01 16:30:40 +0000] [9] [INFO] Booting worker with pid: 9
[2025-09-01 16:30:40 +0000] [9] [INFO] Worker spawned (pid: 9)
[2025-09-01 16:30:40 +0000] [9] [INFO] Worker initialized (pid: 9)
[2025-09-01 16:59:42 +0000] [1] [INFO] Starting gunicorn 20.1.0
[2025-09-01 16:59:42 +0000] [1] [INFO] Listening at: http://0.0.0.0:8000 (1)
[2025-09-01 16:59:42 +0000] [1] [INFO] Using worker: sync
[2025-09-01 16:59:42 +0000] [1] [INFO] OneSoko server is ready. Spawning workers
[2025-09-01 16:59:42 +0000] [1] [INFO] Worker spawned (pid: [booting])
[2025-09-01 16:59:42 +0000] [7] [INFO] Booting worker with pid: 7
[2025-09-01 16:59:42 +0000] [7] [INFO] Worker spawned (pid: 7)
[2025-09-01 16:59:42 +0000] [7] [INFO] Worker initialized (pid: 7)
[2025-09-01 16:59:42 +0000] [1] [INFO] Worker spawned (pid: [booting])
[2025-09-01 16:59:42 +0000] [8] [INFO] Booting worker with pid: 8
[2025-09-01 16:59:42 +0000] [8] [INFO] Worker spawned (pid: 8)
[2025-09-01 16:59:42 +0000] [8] [INFO] Worker initialized (pid: 8)
[2025-09-01 16:59:42 +0000] [1] [INFO] Worker spawned (pid: [booting])
[2025-09-01 16:59:42 +0000] [9] [INFO] Booting worker with pid: 9
[2025-09-01 16:59:42 +0000] [9] [INFO] Worker spawned (pid: 9)
[2025-09-01 16:59:42 +0000] [9] [INFO] Worker initialized (pid: 9)
[2025-09-02 06:42:11 +0000] [1] [CRITICAL] WORKER TIMEOUT (pid:7)
[2025-09-02 06:42:11 +0000] [1] [CRITICAL] WORKER TIMEOUT (pid:8)
[2025-09-02 06:42:11 +0000] [7] [INFO] Worker aborted (pid: 7)
[2025-09-02 06:42:11 +0000] [1] [CRITICAL] WORKER TIMEOUT (pid:9)
[2025-09-02 06:42:11 +0000] [8] [INFO] Worker aborted (pid: 8)
[2025-09-02 06:42:11 +0000] [7] [INFO] Worker exiting (pid: 7)
[2025-09-02 06:42:11 +0000] [8] [INFO] Worker exiting (pid: 8)
[2025-09-02 06:42:11 +0000] [9] [INFO] Worker aborted (pid: 9)
[2025-09-02 06:42:11 +0000] [9] [INFO] Worker exiting (pid: 9)
[2025-09-02 06:42:11 +0000] [1] [INFO] Worker spawned (pid: [booting])
[2025-09-02 06:42:11 +0000] [10] [INFO] Booting worker with pid: 10
[2025-09-02 06:42:11 +0000] [10] [INFO] Worker spawned (pid: 10)
[2025-09-02 06:42:11 +0000] [1] [WARNING] Worker with pid 7 was terminated due to signal 9
[2025-09-02 06:42:11 +0000] [1] [WARNING] Worker with pid 9 was terminated due to signal 9
[2025-09-02 06:42:11 +0000] [10] [INFO] Worker initialized (pid: 10)
[2025-09-02 06:42:11 +0000] [1] [INFO] Worker spawned (pid: [booting])
[2025-09-02 06:42:11 +0000] [11] [INFO] Booting worker with pid: 11
[2025-09-02 06:42:11 +0000] [11] [INFO] Worker spawned (pid: 11)
[2025-09-02 06:42:11 +0000] [11] [INFO] Worker initialized (pid: 11)
[2025-09-02 06:42:11 +0000] [1] [INFO] Worker spawned (pid: [booting])
[2025-09-02 06:42:11 +0000] [12] [INFO] Booting worker with pid: 12
[2025-09-02 06:42:11 +0000] [12] [INFO] Worker spawned (pid: 12)
[2025-09-02 06:42:11 +0000] [12] [INFO] Worker initialized (pid: 12)
[2025-09-02 07:02:39 +0000] [1] [INFO] Starting gunicorn 20.1.0
[2025-09-02 07:02:39 +0000] [1] [INFO] Listening at: http://0.0.0.0:8000 (1)
[2025-09-02 07:02:39 +0000] [1] [INFO] Using worker: sync
[2025-09-02 07:02:39 +0000] [1] [INFO] OneSoko server is ready. Spawning workers
[2025-09-02 07:02:39 +0000] [1] [INFO] Worker spawned (pid: [booting])
[2025-09-02 07:02:39 +0000] [7] [INFO] Booting worker with pid: 7
[2025-09-02 07:02:39 +0000] [1] [INFO] Worker spawned (pid: [booting])
[2025-09-02 07:02:39 +0000] [7] [INFO] Worker spawned (pid: 7)
[2025-09-02 07:02:39 +0000] [7] [INFO] Worker initialized (pid: 7)
[2025-09-02 07:02:39 +0000] [8] [INFO] Booting worker with pid: 8
[2025-09-02 07:02:39 +0000] [8] [INFO] Worker spawned (pid: 8)
[2025-09-02 07:02:39 +0000] [8] [INFO] Worker initialized (pid: 8)
[2025-09-02 07:02:39 +0000] [1] [INFO] Worker spawned (pid: [booting])
[2025-09-02 07:02:39 +0000] [9] [INFO] Booting worker with pid: 9
[2025-09-02 07:02:39 +0000] [9] [INFO] Worker spawned (pid: 9)
[2025-09-02 07:02:39 +0000] [9] [INFO] Worker initialized (pid: 9)
